/root/ros2_elastica_ws/install/elastica_sim_control/lib/python3.8/site-packages/elastica_sim_control/continuum_flagella_postprocessing.py
/root/ros2_elastica_ws/install/elastica_sim_control/lib/python3.8/site-packages/elastica_sim_control/continuum_snake_ros2.py
/root/ros2_elastica_ws/install/elastica_sim_control/lib/python3.8/site-packages/elastica_sim_control/continuum_snake_postprocessing.py
/root/ros2_elastica_ws/install/elastica_sim_control/lib/python3.8/site-packages/elastica_sim_control/__init__.py
/root/ros2_elastica_ws/install/elastica_sim_control/lib/python3.8/site-packages/elastica_sim_control/ros2_elastica_torque_force_params.py
/root/ros2_elastica_ws/install/elastica_sim_control/lib/python3.8/site-packages/elastica_sim_control/continuum_flagella_ros2.py
/root/ros2_elastica_ws/install/elastica_sim_control/lib/python3.8/site-packages/elastica_sim_control/utils.py
/root/ros2_elastica_ws/install/elastica_sim_control/lib/python3.8/site-packages/elastica_sim_control/__pycache__/continuum_flagella_postprocessing.cpython-38.pyc
/root/ros2_elastica_ws/install/elastica_sim_control/lib/python3.8/site-packages/elastica_sim_control/__pycache__/continuum_snake_ros2.cpython-38.pyc
/root/ros2_elastica_ws/install/elastica_sim_control/lib/python3.8/site-packages/elastica_sim_control/__pycache__/continuum_snake_postprocessing.cpython-38.pyc
/root/ros2_elastica_ws/install/elastica_sim_control/lib/python3.8/site-packages/elastica_sim_control/__pycache__/__init__.cpython-38.pyc
/root/ros2_elastica_ws/install/elastica_sim_control/lib/python3.8/site-packages/elastica_sim_control/__pycache__/ros2_elastica_torque_force_params.cpython-38.pyc
/root/ros2_elastica_ws/install/elastica_sim_control/lib/python3.8/site-packages/elastica_sim_control/__pycache__/continuum_flagella_ros2.cpython-38.pyc
/root/ros2_elastica_ws/install/elastica_sim_control/lib/python3.8/site-packages/elastica_sim_control/__pycache__/utils.cpython-38.pyc
/root/ros2_elastica_ws/install/elastica_sim_control/share/ament_index/resource_index/packages/elastica_sim_control
/root/ros2_elastica_ws/install/elastica_sim_control/share/elastica_sim_control/package.xml
/root/ros2_elastica_ws/install/elastica_sim_control/lib/python3.8/site-packages/elastica_sim_control-0.1.1-py3.8.egg-info/requires.txt
/root/ros2_elastica_ws/install/elastica_sim_control/lib/python3.8/site-packages/elastica_sim_control-0.1.1-py3.8.egg-info/PKG-INFO
/root/ros2_elastica_ws/install/elastica_sim_control/lib/python3.8/site-packages/elastica_sim_control-0.1.1-py3.8.egg-info/top_level.txt
/root/ros2_elastica_ws/install/elastica_sim_control/lib/python3.8/site-packages/elastica_sim_control-0.1.1-py3.8.egg-info/entry_points.txt
/root/ros2_elastica_ws/install/elastica_sim_control/lib/python3.8/site-packages/elastica_sim_control-0.1.1-py3.8.egg-info/dependency_links.txt
/root/ros2_elastica_ws/install/elastica_sim_control/lib/python3.8/site-packages/elastica_sim_control-0.1.1-py3.8.egg-info/SOURCES.txt
/root/ros2_elastica_ws/install/elastica_sim_control/lib/python3.8/site-packages/elastica_sim_control-0.1.1-py3.8.egg-info/zip-safe
/root/ros2_elastica_ws/install/elastica_sim_control/lib/elastica_sim_control/continuum_flagella_ros2
/root/ros2_elastica_ws/install/elastica_sim_control/lib/elastica_sim_control/continuum_snake_ros2
