[0.286s] Invoking command in '/root/ros2_elastica_ws/src/elastica_sim_control': PYTHONPATH=/root/ros2_elastica_ws/install/elastica_sim_control/lib/python3.8/site-packages:${PYTHONPATH} /usr/bin/python3 setup.py egg_info --egg-base ../../build/elastica_sim_control build --build-base /root/ros2_elastica_ws/build/elastica_sim_control/build install --prefix /root/ros2_elastica_ws/install/elastica_sim_control --record /root/ros2_elastica_ws/build/elastica_sim_control/install.log --single-version-externally-managed
[0.535s] running egg_info
[0.536s] creating ../../build/elastica_sim_control/elastica_sim_control.egg-info
[0.536s] writing ../../build/elastica_sim_control/elastica_sim_control.egg-info/PKG-INFO
[0.536s] writing dependency_links to ../../build/elastica_sim_control/elastica_sim_control.egg-info/dependency_links.txt
[0.536s] writing entry points to ../../build/elastica_sim_control/elastica_sim_control.egg-info/entry_points.txt
[0.536s] writing requirements to ../../build/elastica_sim_control/elastica_sim_control.egg-info/requires.txt
[0.536s] writing top-level names to ../../build/elastica_sim_control/elastica_sim_control.egg-info/top_level.txt
[0.538s] writing manifest file '../../build/elastica_sim_control/elastica_sim_control.egg-info/SOURCES.txt'
[0.596s] reading manifest file '../../build/elastica_sim_control/elastica_sim_control.egg-info/SOURCES.txt'
[0.598s] writing manifest file '../../build/elastica_sim_control/elastica_sim_control.egg-info/SOURCES.txt'
[0.598s] running build
[0.598s] running build_py
[0.598s] creating /root/ros2_elastica_ws/build/elastica_sim_control/build
[0.598s] creating /root/ros2_elastica_ws/build/elastica_sim_control/build/lib
[0.599s] creating /root/ros2_elastica_ws/build/elastica_sim_control/build/lib/elastica_sim_control
[0.599s] copying elastica_sim_control/continuum_flagella_postprocessing.py -> /root/ros2_elastica_ws/build/elastica_sim_control/build/lib/elastica_sim_control
[0.599s] copying elastica_sim_control/continuum_snake_ros2.py -> /root/ros2_elastica_ws/build/elastica_sim_control/build/lib/elastica_sim_control
[0.599s] copying elastica_sim_control/continuum_snake_postprocessing.py -> /root/ros2_elastica_ws/build/elastica_sim_control/build/lib/elastica_sim_control
[0.599s] copying elastica_sim_control/__init__.py -> /root/ros2_elastica_ws/build/elastica_sim_control/build/lib/elastica_sim_control
[0.600s] copying elastica_sim_control/ros2_elastica_torque_force_params.py -> /root/ros2_elastica_ws/build/elastica_sim_control/build/lib/elastica_sim_control
[0.600s] copying elastica_sim_control/continuum_flagella_ros2.py -> /root/ros2_elastica_ws/build/elastica_sim_control/build/lib/elastica_sim_control
[0.600s] copying elastica_sim_control/utils.py -> /root/ros2_elastica_ws/build/elastica_sim_control/build/lib/elastica_sim_control
[0.600s] running install
[0.600s] running install_lib
[0.601s] creating /root/ros2_elastica_ws/install/elastica_sim_control/lib/python3.8/site-packages/elastica_sim_control
[0.602s] copying /root/ros2_elastica_ws/build/elastica_sim_control/build/lib/elastica_sim_control/continuum_flagella_postprocessing.py -> /root/ros2_elastica_ws/install/elastica_sim_control/lib/python3.8/site-packages/elastica_sim_control
[0.602s] copying /root/ros2_elastica_ws/build/elastica_sim_control/build/lib/elastica_sim_control/continuum_snake_ros2.py -> /root/ros2_elastica_ws/install/elastica_sim_control/lib/python3.8/site-packages/elastica_sim_control
[0.602s] copying /root/ros2_elastica_ws/build/elastica_sim_control/build/lib/elastica_sim_control/continuum_snake_postprocessing.py -> /root/ros2_elastica_ws/install/elastica_sim_control/lib/python3.8/site-packages/elastica_sim_control
[0.602s] copying /root/ros2_elastica_ws/build/elastica_sim_control/build/lib/elastica_sim_control/__init__.py -> /root/ros2_elastica_ws/install/elastica_sim_control/lib/python3.8/site-packages/elastica_sim_control
[0.602s] copying /root/ros2_elastica_ws/build/elastica_sim_control/build/lib/elastica_sim_control/ros2_elastica_torque_force_params.py -> /root/ros2_elastica_ws/install/elastica_sim_control/lib/python3.8/site-packages/elastica_sim_control
[0.602s] copying /root/ros2_elastica_ws/build/elastica_sim_control/build/lib/elastica_sim_control/continuum_flagella_ros2.py -> /root/ros2_elastica_ws/install/elastica_sim_control/lib/python3.8/site-packages/elastica_sim_control
[0.603s] copying /root/ros2_elastica_ws/build/elastica_sim_control/build/lib/elastica_sim_control/utils.py -> /root/ros2_elastica_ws/install/elastica_sim_control/lib/python3.8/site-packages/elastica_sim_control
[0.603s] byte-compiling /root/ros2_elastica_ws/install/elastica_sim_control/lib/python3.8/site-packages/elastica_sim_control/continuum_flagella_postprocessing.py to continuum_flagella_postprocessing.cpython-38.pyc
[0.605s] byte-compiling /root/ros2_elastica_ws/install/elastica_sim_control/lib/python3.8/site-packages/elastica_sim_control/continuum_snake_ros2.py to continuum_snake_ros2.cpython-38.pyc
[0.607s] byte-compiling /root/ros2_elastica_ws/install/elastica_sim_control/lib/python3.8/site-packages/elastica_sim_control/continuum_snake_postprocessing.py to continuum_snake_postprocessing.cpython-38.pyc
[0.608s] byte-compiling /root/ros2_elastica_ws/install/elastica_sim_control/lib/python3.8/site-packages/elastica_sim_control/__init__.py to __init__.cpython-38.pyc
[0.608s] byte-compiling /root/ros2_elastica_ws/install/elastica_sim_control/lib/python3.8/site-packages/elastica_sim_control/ros2_elastica_torque_force_params.py to ros2_elastica_torque_force_params.cpython-38.pyc
[0.612s] byte-compiling /root/ros2_elastica_ws/install/elastica_sim_control/lib/python3.8/site-packages/elastica_sim_control/continuum_flagella_ros2.py to continuum_flagella_ros2.cpython-38.pyc
[0.614s] byte-compiling /root/ros2_elastica_ws/install/elastica_sim_control/lib/python3.8/site-packages/elastica_sim_control/utils.py to utils.cpython-38.pyc
[0.614s] running install_data
[0.615s] creating /root/ros2_elastica_ws/install/elastica_sim_control/share/ament_index
[0.615s] creating /root/ros2_elastica_ws/install/elastica_sim_control/share/ament_index/resource_index
[0.615s] creating /root/ros2_elastica_ws/install/elastica_sim_control/share/ament_index/resource_index/packages
[0.616s] copying resource/elastica_sim_control -> /root/ros2_elastica_ws/install/elastica_sim_control/share/ament_index/resource_index/packages
[0.616s] copying package.xml -> /root/ros2_elastica_ws/install/elastica_sim_control/share/elastica_sim_control
[0.616s] running install_egg_info
[0.617s] Copying ../../build/elastica_sim_control/elastica_sim_control.egg-info to /root/ros2_elastica_ws/install/elastica_sim_control/lib/python3.8/site-packages/elastica_sim_control-0.1.1-py3.8.egg-info
[0.618s] running install_scripts
[0.642s] Installing continuum_flagella_ros2 script to /root/ros2_elastica_ws/install/elastica_sim_control/lib/elastica_sim_control
[0.642s] Installing continuum_snake_ros2 script to /root/ros2_elastica_ws/install/elastica_sim_control/lib/elastica_sim_control
[0.643s] writing list of installed files to '/root/ros2_elastica_ws/build/elastica_sim_control/install.log'
[0.671s] Invoked command in '/root/ros2_elastica_ws/src/elastica_sim_control' returned '0': PYTHONPATH=/root/ros2_elastica_ws/install/elastica_sim_control/lib/python3.8/site-packages:${PYTHONPATH} /usr/bin/python3 setup.py egg_info --egg-base ../../build/elastica_sim_control build --build-base /root/ros2_elastica_ws/build/elastica_sim_control/build install --prefix /root/ros2_elastica_ws/install/elastica_sim_control --record /root/ros2_elastica_ws/build/elastica_sim_control/install.log --single-version-externally-managed
