running egg_info
writing ../../build/elastica_sim_control/elastica_sim_control.egg-info/PKG-INFO
writing dependency_links to ../../build/elastica_sim_control/elastica_sim_control.egg-info/dependency_links.txt
writing entry points to ../../build/elastica_sim_control/elastica_sim_control.egg-info/entry_points.txt
writing requirements to ../../build/elastica_sim_control/elastica_sim_control.egg-info/requires.txt
writing top-level names to ../../build/elastica_sim_control/elastica_sim_control.egg-info/top_level.txt
reading manifest file '../../build/elastica_sim_control/elastica_sim_control.egg-info/SOURCES.txt'
writing manifest file '../../build/elastica_sim_control/elastica_sim_control.egg-info/SOURCES.txt'
running build
running build_py
running install
running install_lib
running install_data
running install_egg_info
removing '/root/ros2_elastica_ws/install/elastica_sim_control/lib/python3.8/site-packages/elastica_sim_control-0.1.1-py3.8.egg-info' (and everything under it)
Copying ../../build/elastica_sim_control/elastica_sim_control.egg-info to /root/ros2_elastica_ws/install/elastica_sim_control/lib/python3.8/site-packages/elastica_sim_control-0.1.1-py3.8.egg-info
running install_scripts
Installing continuum_flagella_ros2 script to /root/ros2_elastica_ws/install/elastica_sim_control/lib/elastica_sim_control
Installing continuum_snake_ros2 script to /root/ros2_elastica_ws/install/elastica_sim_control/lib/elastica_sim_control
writing list of installed files to '/root/ros2_elastica_ws/build/elastica_sim_control/install.log'
