[0.289s] Invoking command in '/root/ros2_elastica_ws/src/elastica_sim_control': PYTHONPATH=/root/ros2_elastica_ws/install/elastica_sim_control/lib/python3.8/site-packages:${PYTHONPATH} /usr/bin/python3 setup.py egg_info --egg-base ../../build/elastica_sim_control build --build-base /root/ros2_elastica_ws/build/elastica_sim_control/build install --prefix /root/ros2_elastica_ws/install/elastica_sim_control --record /root/ros2_elastica_ws/build/elastica_sim_control/install.log --single-version-externally-managed
[0.540s] running egg_info
[0.541s] writing ../../build/elastica_sim_control/elastica_sim_control.egg-info/PKG-INFO
[0.541s] writing dependency_links to ../../build/elastica_sim_control/elastica_sim_control.egg-info/dependency_links.txt
[0.542s] writing entry points to ../../build/elastica_sim_control/elastica_sim_control.egg-info/entry_points.txt
[0.542s] writing requirements to ../../build/elastica_sim_control/elastica_sim_control.egg-info/requires.txt
[0.542s] writing top-level names to ../../build/elastica_sim_control/elastica_sim_control.egg-info/top_level.txt
[0.601s] reading manifest file '../../build/elastica_sim_control/elastica_sim_control.egg-info/SOURCES.txt'
[0.607s] writing manifest file '../../build/elastica_sim_control/elastica_sim_control.egg-info/SOURCES.txt'
[0.607s] running build
[0.607s] running build_py
[0.607s] running install
[0.608s] running install_lib
[0.611s] running install_data
[0.611s] running install_egg_info
[0.614s] removing '/root/ros2_elastica_ws/install/elastica_sim_control/lib/python3.8/site-packages/elastica_sim_control-0.1.1-py3.8.egg-info' (and everything under it)
[0.614s] Copying ../../build/elastica_sim_control/elastica_sim_control.egg-info to /root/ros2_elastica_ws/install/elastica_sim_control/lib/python3.8/site-packages/elastica_sim_control-0.1.1-py3.8.egg-info
[0.615s] running install_scripts
[0.639s] Installing continuum_flagella_ros2 script to /root/ros2_elastica_ws/install/elastica_sim_control/lib/elastica_sim_control
[0.640s] Installing continuum_snake_ros2 script to /root/ros2_elastica_ws/install/elastica_sim_control/lib/elastica_sim_control
[0.640s] writing list of installed files to '/root/ros2_elastica_ws/build/elastica_sim_control/install.log'
[0.666s] Invoked command in '/root/ros2_elastica_ws/src/elastica_sim_control' returned '0': PYTHONPATH=/root/ros2_elastica_ws/install/elastica_sim_control/lib/python3.8/site-packages:${PYTHONPATH} /usr/bin/python3 setup.py egg_info --egg-base ../../build/elastica_sim_control build --build-base /root/ros2_elastica_ws/build/elastica_sim_control/build install --prefix /root/ros2_elastica_ws/install/elastica_sim_control --record /root/ros2_elastica_ws/build/elastica_sim_control/install.log --single-version-externally-managed
