[0.286s] Invoking command in '/root/ros2_elastica_ws/src/ros2_elastica_pack': PYTHONPATH=/root/ros2_elastica_ws/install/ros2_elastica_pack/lib/python3.8/site-packages:${PYTHONPATH} /usr/bin/python3 setup.py egg_info --egg-base ../../build/ros2_elastica_pack build --build-base /root/ros2_elastica_ws/build/ros2_elastica_pack/build install --prefix /root/ros2_elastica_ws/install/ros2_elastica_pack --record /root/ros2_elastica_ws/build/ros2_elastica_pack/install.log --single-version-externally-managed
[0.534s] running egg_info
[0.535s] writing ../../build/ros2_elastica_pack/ros2_elastica_pack.egg-info/PKG-INFO
[0.535s] writing dependency_links to ../../build/ros2_elastica_pack/ros2_elastica_pack.egg-info/dependency_links.txt
[0.535s] writing entry points to ../../build/ros2_elastica_pack/ros2_elastica_pack.egg-info/entry_points.txt
[0.535s] writing requirements to ../../build/ros2_elastica_pack/ros2_elastica_pack.egg-info/requires.txt
[0.535s] writing top-level names to ../../build/ros2_elastica_pack/ros2_elastica_pack.egg-info/top_level.txt
[0.595s] reading manifest file '../../build/ros2_elastica_pack/ros2_elastica_pack.egg-info/SOURCES.txt'
[0.597s] writing manifest file '../../build/ros2_elastica_pack/ros2_elastica_pack.egg-info/SOURCES.txt'
[0.597s] running build
[0.597s] running build_py
[0.597s] copying ros2_elastica_pack/continuum_snake_ros2.py -> /root/ros2_elastica_ws/build/ros2_elastica_pack/build/lib/ros2_elastica_pack
[0.597s] copying ros2_elastica_pack/continuum_flagella_ros2.py -> /root/ros2_elastica_ws/build/ros2_elastica_pack/build/lib/ros2_elastica_pack
[0.598s] running install
[0.599s] running install_lib
[0.600s] copying /root/ros2_elastica_ws/build/ros2_elastica_pack/build/lib/ros2_elastica_pack/continuum_snake_ros2.py -> /root/ros2_elastica_ws/install/ros2_elastica_pack/lib/python3.8/site-packages/ros2_elastica_pack
[0.601s] copying /root/ros2_elastica_ws/build/ros2_elastica_pack/build/lib/ros2_elastica_pack/continuum_flagella_ros2.py -> /root/ros2_elastica_ws/install/ros2_elastica_pack/lib/python3.8/site-packages/ros2_elastica_pack
[0.601s] byte-compiling /root/ros2_elastica_ws/install/ros2_elastica_pack/lib/python3.8/site-packages/ros2_elastica_pack/continuum_snake_ros2.py to continuum_snake_ros2.cpython-38.pyc
[0.605s] byte-compiling /root/ros2_elastica_ws/install/ros2_elastica_pack/lib/python3.8/site-packages/ros2_elastica_pack/continuum_flagella_ros2.py to continuum_flagella_ros2.cpython-38.pyc
[0.607s] running install_data
[0.608s] running install_egg_info
[0.609s] removing '/root/ros2_elastica_ws/install/ros2_elastica_pack/lib/python3.8/site-packages/ros2_elastica_pack-0.0.0-py3.8.egg-info' (and everything under it)
[0.610s] Copying ../../build/ros2_elastica_pack/ros2_elastica_pack.egg-info to /root/ros2_elastica_ws/install/ros2_elastica_pack/lib/python3.8/site-packages/ros2_elastica_pack-0.0.0-py3.8.egg-info
[0.611s] running install_scripts
[0.634s] Installing continuum_flagella_ros2 script to /root/ros2_elastica_ws/install/ros2_elastica_pack/lib/ros2_elastica_pack
[0.634s] Installing continuum_snake_ros2 script to /root/ros2_elastica_ws/install/ros2_elastica_pack/lib/ros2_elastica_pack
[0.635s] Installing talker script to /root/ros2_elastica_ws/install/ros2_elastica_pack/lib/ros2_elastica_pack
[0.635s] writing list of installed files to '/root/ros2_elastica_ws/build/ros2_elastica_pack/install.log'
[0.662s] Invoked command in '/root/ros2_elastica_ws/src/ros2_elastica_pack' returned '0': PYTHONPATH=/root/ros2_elastica_ws/install/ros2_elastica_pack/lib/python3.8/site-packages:${PYTHONPATH} /usr/bin/python3 setup.py egg_info --egg-base ../../build/ros2_elastica_pack build --build-base /root/ros2_elastica_ws/build/ros2_elastica_pack/build install --prefix /root/ros2_elastica_ws/install/ros2_elastica_pack --record /root/ros2_elastica_ws/build/ros2_elastica_pack/install.log --single-version-externally-managed
