running egg_info
writing ../../build/ros2_elastica_pack/ros2_elastica_pack.egg-info/PKG-INFO
writing dependency_links to ../../build/ros2_elastica_pack/ros2_elastica_pack.egg-info/dependency_links.txt
writing entry points to ../../build/ros2_elastica_pack/ros2_elastica_pack.egg-info/entry_points.txt
writing requirements to ../../build/ros2_elastica_pack/ros2_elastica_pack.egg-info/requires.txt
writing top-level names to ../../build/ros2_elastica_pack/ros2_elastica_pack.egg-info/top_level.txt
reading manifest file '../../build/ros2_elastica_pack/ros2_elastica_pack.egg-info/SOURCES.txt'
writing manifest file '../../build/ros2_elastica_pack/ros2_elastica_pack.egg-info/SOURCES.txt'
running build
running build_py
running install
running install_lib
running install_data
running install_egg_info
removing '/root/ros2_elastica_ws/install/ros2_elastica_pack/lib/python3.8/site-packages/ros2_elastica_pack-0.0.0-py3.8.egg-info' (and everything under it)
Copying ../../build/ros2_elastica_pack/ros2_elastica_pack.egg-info to /root/ros2_elastica_ws/install/ros2_elastica_pack/lib/python3.8/site-packages/ros2_elastica_pack-0.0.0-py3.8.egg-info
running install_scripts
Installing continuum_flagella_ros2 script to /root/ros2_elastica_ws/install/ros2_elastica_pack/lib/ros2_elastica_pack
Installing continuum_snake_ros2 script to /root/ros2_elastica_ws/install/ros2_elastica_pack/lib/ros2_elastica_pack
Installing talker script to /root/ros2_elastica_ws/install/ros2_elastica_pack/lib/ros2_elastica_pack
writing list of installed files to '/root/ros2_elastica_ws/build/ros2_elastica_pack/install.log'
