[0.302s] Invoking command in '/root/ros2_elastica_ws/src/ros2_elastica_pack': PYTHONPATH=/root/ros2_elastica_ws/install/ros2_elastica_pack/lib/python3.8/site-packages:${PYTHONPATH} /usr/bin/python3 setup.py egg_info --egg-base ../../build/ros2_elastica_pack build --build-base /root/ros2_elastica_ws/build/ros2_elastica_pack/build install --prefix /root/ros2_elastica_ws/install/ros2_elastica_pack --record /root/ros2_elastica_ws/build/ros2_elastica_pack/install.log --single-version-externally-managed
[0.558s] running egg_info
[0.559s] writing ../../build/ros2_elastica_pack/ros2_elastica_pack.egg-info/PKG-INFO
[0.559s] writing dependency_links to ../../build/ros2_elastica_pack/ros2_elastica_pack.egg-info/dependency_links.txt
[0.559s] writing entry points to ../../build/ros2_elastica_pack/ros2_elastica_pack.egg-info/entry_points.txt
[0.560s] writing requirements to ../../build/ros2_elastica_pack/ros2_elastica_pack.egg-info/requires.txt
[0.560s] writing top-level names to ../../build/ros2_elastica_pack/ros2_elastica_pack.egg-info/top_level.txt
[0.621s] reading manifest file '../../build/ros2_elastica_pack/ros2_elastica_pack.egg-info/SOURCES.txt'
[0.631s] writing manifest file '../../build/ros2_elastica_pack/ros2_elastica_pack.egg-info/SOURCES.txt'
[0.631s] running build
[0.631s] running build_py
[0.633s] running install
[0.635s] running install_lib
[0.639s] running install_data
[0.640s] running install_egg_info
[0.643s] removing '/root/ros2_elastica_ws/install/ros2_elastica_pack/lib/python3.8/site-packages/ros2_elastica_pack-0.0.0-py3.8.egg-info' (and everything under it)
[0.643s] Copying ../../build/ros2_elastica_pack/ros2_elastica_pack.egg-info to /root/ros2_elastica_ws/install/ros2_elastica_pack/lib/python3.8/site-packages/ros2_elastica_pack-0.0.0-py3.8.egg-info
[0.644s] running install_scripts
[0.671s] Installing talker script to /root/ros2_elastica_ws/install/ros2_elastica_pack/lib/ros2_elastica_pack
[0.671s] writing list of installed files to '/root/ros2_elastica_ws/build/ros2_elastica_pack/install.log'
[0.698s] Invoked command in '/root/ros2_elastica_ws/src/ros2_elastica_pack' returned '0': PYTHONPATH=/root/ros2_elastica_ws/install/ros2_elastica_pack/lib/python3.8/site-packages:${PYTHONPATH} /usr/bin/python3 setup.py egg_info --egg-base ../../build/ros2_elastica_pack build --build-base /root/ros2_elastica_ws/build/ros2_elastica_pack/build install --prefix /root/ros2_elastica_ws/install/ros2_elastica_pack --record /root/ros2_elastica_ws/build/ros2_elastica_pack/install.log --single-version-externally-managed
