[0.283s] Invoking command in '/root/ros2_elastica_ws/src/ros2_elastica_pack': PYTHONPATH=/root/ros2_elastica_ws/install/ros2_elastica_pack/lib/python3.8/site-packages:${PYTHONPATH} /usr/bin/python3 setup.py egg_info --egg-base ../../build/ros2_elastica_pack build --build-base /root/ros2_elastica_ws/build/ros2_elastica_pack/build install --prefix /root/ros2_elastica_ws/install/ros2_elastica_pack --record /root/ros2_elastica_ws/build/ros2_elastica_pack/install.log --single-version-externally-managed
[0.547s] running egg_info
[0.547s] writing ../../build/ros2_elastica_pack/ros2_elastica_pack.egg-info/PKG-INFO
[0.548s] writing dependency_links to ../../build/ros2_elastica_pack/ros2_elastica_pack.egg-info/dependency_links.txt
[0.548s] writing entry points to ../../build/ros2_elastica_pack/ros2_elastica_pack.egg-info/entry_points.txt
[0.548s] writing requirements to ../../build/ros2_elastica_pack/ros2_elastica_pack.egg-info/requires.txt
[0.548s] writing top-level names to ../../build/ros2_elastica_pack/ros2_elastica_pack.egg-info/top_level.txt
[0.611s] reading manifest file '../../build/ros2_elastica_pack/ros2_elastica_pack.egg-info/SOURCES.txt'
[0.613s] writing manifest file '../../build/ros2_elastica_pack/ros2_elastica_pack.egg-info/SOURCES.txt'
[0.613s] running build
[0.613s] running build_py
[0.613s] copying ros2_elastica_pack/continuum_snake_ros2.py -> /root/ros2_elastica_ws/build/ros2_elastica_pack/build/lib/ros2_elastica_pack
[0.614s] copying ros2_elastica_pack/continuum_flagella_ros2.py -> /root/ros2_elastica_ws/build/ros2_elastica_pack/build/lib/ros2_elastica_pack
[0.614s] running install
[0.615s] running install_lib
[0.616s] copying /root/ros2_elastica_ws/build/ros2_elastica_pack/build/lib/ros2_elastica_pack/continuum_snake_ros2.py -> /root/ros2_elastica_ws/install/ros2_elastica_pack/lib/python3.8/site-packages/ros2_elastica_pack
[0.617s] copying /root/ros2_elastica_ws/build/ros2_elastica_pack/build/lib/ros2_elastica_pack/continuum_flagella_ros2.py -> /root/ros2_elastica_ws/install/ros2_elastica_pack/lib/python3.8/site-packages/ros2_elastica_pack
[0.618s] byte-compiling /root/ros2_elastica_ws/install/ros2_elastica_pack/lib/python3.8/site-packages/ros2_elastica_pack/continuum_snake_ros2.py to continuum_snake_ros2.cpython-38.pyc
[0.622s] byte-compiling /root/ros2_elastica_ws/install/ros2_elastica_pack/lib/python3.8/site-packages/ros2_elastica_pack/continuum_flagella_ros2.py to continuum_flagella_ros2.cpython-38.pyc
[0.624s] running install_data
[0.624s] running install_egg_info
[0.626s] removing '/root/ros2_elastica_ws/install/ros2_elastica_pack/lib/python3.8/site-packages/ros2_elastica_pack-0.0.0-py3.8.egg-info' (and everything under it)
[0.626s] Copying ../../build/ros2_elastica_pack/ros2_elastica_pack.egg-info to /root/ros2_elastica_ws/install/ros2_elastica_pack/lib/python3.8/site-packages/ros2_elastica_pack-0.0.0-py3.8.egg-info
[0.628s] running install_scripts
[0.653s] Installing continuum_flagella_ros2 script to /root/ros2_elastica_ws/install/ros2_elastica_pack/lib/ros2_elastica_pack
[0.653s] Installing continuum_snake_ros2 script to /root/ros2_elastica_ws/install/ros2_elastica_pack/lib/ros2_elastica_pack
[0.653s] Installing talker script to /root/ros2_elastica_ws/install/ros2_elastica_pack/lib/ros2_elastica_pack
[0.654s] writing list of installed files to '/root/ros2_elastica_ws/build/ros2_elastica_pack/install.log'
[0.682s] Invoked command in '/root/ros2_elastica_ws/src/ros2_elastica_pack' returned '0': PYTHONPATH=/root/ros2_elastica_ws/install/ros2_elastica_pack/lib/python3.8/site-packages:${PYTHONPATH} /usr/bin/python3 setup.py egg_info --egg-base ../../build/ros2_elastica_pack build --build-base /root/ros2_elastica_ws/build/ros2_elastica_pack/build install --prefix /root/ros2_elastica_ws/install/ros2_elastica_pack --record /root/ros2_elastica_ws/build/ros2_elastica_pack/install.log --single-version-externally-managed
