/root/ros2_elastica_ws/install/ros2_elastica_pack/lib/python3.8/site-packages/ros2_elastica_pack/Timoshenko_beam.py
/root/ros2_elastica_ws/install/ros2_elastica_pack/lib/python3.8/site-packages/ros2_elastica_pack/publisher_member_function.py
/root/ros2_elastica_ws/install/ros2_elastica_pack/lib/python3.8/site-packages/ros2_elastica_pack/__init__.py
/root/ros2_elastica_ws/install/ros2_elastica_pack/lib/python3.8/site-packages/ros2_elastica_pack/ros2_elastica_torque_force_params.py
/root/ros2_elastica_ws/install/ros2_elastica_pack/lib/python3.8/site-packages/ros2_elastica_pack/utils.py
/root/ros2_elastica_ws/install/ros2_elastica_pack/lib/python3.8/site-packages/ros2_elastica_pack/__pycache__/Timoshenko_beam.cpython-38.pyc
/root/ros2_elastica_ws/install/ros2_elastica_pack/lib/python3.8/site-packages/ros2_elastica_pack/__pycache__/publisher_member_function.cpython-38.pyc
/root/ros2_elastica_ws/install/ros2_elastica_pack/lib/python3.8/site-packages/ros2_elastica_pack/__pycache__/__init__.cpython-38.pyc
/root/ros2_elastica_ws/install/ros2_elastica_pack/lib/python3.8/site-packages/ros2_elastica_pack/__pycache__/ros2_elastica_torque_force_params.cpython-38.pyc
/root/ros2_elastica_ws/install/ros2_elastica_pack/lib/python3.8/site-packages/ros2_elastica_pack/__pycache__/utils.cpython-38.pyc
/root/ros2_elastica_ws/install/ros2_elastica_pack/share/ament_index/resource_index/packages/ros2_elastica_pack
/root/ros2_elastica_ws/install/ros2_elastica_pack/share/ros2_elastica_pack/package.xml
/root/ros2_elastica_ws/install/ros2_elastica_pack/lib/python3.8/site-packages/ros2_elastica_pack-0.0.0-py3.8.egg-info/requires.txt
/root/ros2_elastica_ws/install/ros2_elastica_pack/lib/python3.8/site-packages/ros2_elastica_pack-0.0.0-py3.8.egg-info/PKG-INFO
/root/ros2_elastica_ws/install/ros2_elastica_pack/lib/python3.8/site-packages/ros2_elastica_pack-0.0.0-py3.8.egg-info/top_level.txt
/root/ros2_elastica_ws/install/ros2_elastica_pack/lib/python3.8/site-packages/ros2_elastica_pack-0.0.0-py3.8.egg-info/entry_points.txt
/root/ros2_elastica_ws/install/ros2_elastica_pack/lib/python3.8/site-packages/ros2_elastica_pack-0.0.0-py3.8.egg-info/dependency_links.txt
/root/ros2_elastica_ws/install/ros2_elastica_pack/lib/python3.8/site-packages/ros2_elastica_pack-0.0.0-py3.8.egg-info/SOURCES.txt
/root/ros2_elastica_ws/install/ros2_elastica_pack/lib/python3.8/site-packages/ros2_elastica_pack-0.0.0-py3.8.egg-info/zip-safe
/root/ros2_elastica_ws/install/ros2_elastica_pack/lib/ros2_elastica_pack/continuum_flagella_ros2
/root/ros2_elastica_ws/install/ros2_elastica_pack/lib/ros2_elastica_pack/continuum_snake_ros2
/root/ros2_elastica_ws/install/ros2_elastica_pack/lib/ros2_elastica_pack/talker
