[0.375s] DEBUG:colcon:Command line arguments: ['/usr/bin/colcon', 'build']
[0.375s] DEBUG:colcon:Parsed command line arguments: Namespace(ament_cmake_args=None, base_paths=['.'], build_base='build', catkin_cmake_args=None, catkin_skip_building_tests=False, cmake_args=None, cmake_clean_cache=False, cmake_clean_first=False, cmake_force_configure=False, cmake_target=None, cmake_target_skip_unavailable=False, continue_on_error=False, event_handlers=None, executor='parallel', ignore_user_meta=False, install_base='install', log_base=None, log_level=None, main=<bound method BuildVerb.main of <colcon_core.verb.build.BuildVerb object at 0x7f09498823a0>>, merge_install=False, metas=['./colcon.meta'], mixin=None, mixin_files=None, mixin_verb=('build',), packages_above=None, packages_above_and_dependencies=None, packages_above_depth=None, packages_end=None, packages_ignore=None, packages_ignore_regex=None, packages_select=None, packages_select_build_failed=False, packages_select_by_dep=None, packages_select_regex=None, packages_select_test_failures=False, packages_skip=None, packages_skip_build_finished=False, packages_skip_by_dep=None, packages_skip_regex=None, packages_skip_test_passed=False, packages_skip_up_to=None, packages_start=None, packages_up_to=None, packages_up_to_regex=None, parallel_workers=8, paths=None, symlink_install=False, test_result_base=None, verb_extension=<colcon_core.verb.build.BuildVerb object at 0x7f09498823a0>, verb_name='build', verb_parser=<colcon_mixin.mixin.mixin_argument.MixinArgumentDecorator object at 0x7f0949882a00>)
[0.382s] Level 1:colcon.colcon_core.package_discovery:discover_packages(colcon_meta) check parameters
[0.383s] INFO:colcon.colcon_metadata.package_discovery.colcon_meta:Using configuration from '/root/.colcon/metadata/default/Gazebo.meta'
[0.384s] INFO:colcon.colcon_metadata.package_discovery.colcon_meta:Using configuration from '/root/.colcon/metadata/default/fastrtps.meta'
[0.384s] Level 1:colcon.colcon_core.package_discovery:discover_packages(recursive) check parameters
[0.384s] Level 1:colcon.colcon_core.package_discovery:discover_packages(ignore) check parameters
[0.384s] Level 1:colcon.colcon_core.package_discovery:discover_packages(path) check parameters
[0.384s] Level 1:colcon.colcon_core.package_discovery:discover_packages(colcon_meta) discover
[0.384s] Level 1:colcon.colcon_core.package_discovery:discover_packages(recursive) discover
[0.384s] INFO:colcon.colcon_core.package_discovery:Crawling recursively for packages in '/root/ros2_elastica_ws'
[0.384s] Level 1:colcon.colcon_core.package_identification:_identify(.) by extensions ['ignore', 'ignore_ament_install']
[0.384s] Level 1:colcon.colcon_core.package_identification:_identify(.) by extension 'ignore'
[0.384s] Level 1:colcon.colcon_core.package_identification:_identify(.) by extension 'ignore_ament_install'
[0.384s] Level 1:colcon.colcon_core.package_identification:_identify(.) by extensions ['colcon_pkg']
[0.384s] Level 1:colcon.colcon_core.package_identification:_identify(.) by extension 'colcon_pkg'
[0.384s] Level 1:colcon.colcon_core.package_identification:_identify(.) by extensions ['colcon_meta']
[0.384s] Level 1:colcon.colcon_core.package_identification:_identify(.) by extension 'colcon_meta'
[0.384s] Level 1:colcon.colcon_core.package_identification:_identify(.) by extensions ['ros']
[0.384s] Level 1:colcon.colcon_core.package_identification:_identify(.) by extension 'ros'
[0.398s] Level 1:colcon.colcon_core.package_identification:_identify(.) by extensions ['cmake', 'python']
[0.398s] Level 1:colcon.colcon_core.package_identification:_identify(.) by extension 'cmake'
[0.399s] Level 1:colcon.colcon_core.package_identification:_identify(.) by extension 'python'
[0.399s] Level 1:colcon.colcon_core.package_identification:_identify(.) by extensions ['python_setup_py']
[0.399s] Level 1:colcon.colcon_core.package_identification:_identify(.) by extension 'python_setup_py'
[0.399s] Level 1:colcon.colcon_core.package_identification:_identify(build) by extensions ['ignore', 'ignore_ament_install']
[0.399s] Level 1:colcon.colcon_core.package_identification:_identify(build) by extension 'ignore'
[0.399s] Level 1:colcon.colcon_core.package_identification:_identify(build) ignored
[0.399s] Level 1:colcon.colcon_core.package_identification:_identify(install) by extensions ['ignore', 'ignore_ament_install']
[0.399s] Level 1:colcon.colcon_core.package_identification:_identify(install) by extension 'ignore'
[0.399s] Level 1:colcon.colcon_core.package_identification:_identify(install) ignored
[0.400s] Level 1:colcon.colcon_core.package_identification:_identify(log) by extensions ['ignore', 'ignore_ament_install']
[0.400s] Level 1:colcon.colcon_core.package_identification:_identify(log) by extension 'ignore'
[0.400s] Level 1:colcon.colcon_core.package_identification:_identify(log) ignored
[0.400s] Level 1:colcon.colcon_core.package_identification:_identify(src) by extensions ['ignore', 'ignore_ament_install']
[0.400s] Level 1:colcon.colcon_core.package_identification:_identify(src) by extension 'ignore'
[0.400s] Level 1:colcon.colcon_core.package_identification:_identify(src) by extension 'ignore_ament_install'
[0.400s] Level 1:colcon.colcon_core.package_identification:_identify(src) by extensions ['colcon_pkg']
[0.400s] Level 1:colcon.colcon_core.package_identification:_identify(src) by extension 'colcon_pkg'
[0.400s] Level 1:colcon.colcon_core.package_identification:_identify(src) by extensions ['colcon_meta']
[0.400s] Level 1:colcon.colcon_core.package_identification:_identify(src) by extension 'colcon_meta'
[0.400s] Level 1:colcon.colcon_core.package_identification:_identify(src) by extensions ['ros']
[0.400s] Level 1:colcon.colcon_core.package_identification:_identify(src) by extension 'ros'
[0.401s] Level 1:colcon.colcon_core.package_identification:_identify(src) by extensions ['cmake', 'python']
[0.401s] Level 1:colcon.colcon_core.package_identification:_identify(src) by extension 'cmake'
[0.401s] Level 1:colcon.colcon_core.package_identification:_identify(src) by extension 'python'
[0.401s] Level 1:colcon.colcon_core.package_identification:_identify(src) by extensions ['python_setup_py']
[0.401s] Level 1:colcon.colcon_core.package_identification:_identify(src) by extension 'python_setup_py'
[0.401s] Level 1:colcon.colcon_core.package_identification:_identify(src/ros2_elastica_pack) by extensions ['ignore', 'ignore_ament_install']
[0.401s] Level 1:colcon.colcon_core.package_identification:_identify(src/ros2_elastica_pack) by extension 'ignore'
[0.401s] Level 1:colcon.colcon_core.package_identification:_identify(src/ros2_elastica_pack) by extension 'ignore_ament_install'
[0.401s] Level 1:colcon.colcon_core.package_identification:_identify(src/ros2_elastica_pack) by extensions ['colcon_pkg']
[0.401s] Level 1:colcon.colcon_core.package_identification:_identify(src/ros2_elastica_pack) by extension 'colcon_pkg'
[0.401s] Level 1:colcon.colcon_core.package_identification:_identify(src/ros2_elastica_pack) by extensions ['colcon_meta']
[0.401s] Level 1:colcon.colcon_core.package_identification:_identify(src/ros2_elastica_pack) by extension 'colcon_meta'
[0.401s] Level 1:colcon.colcon_core.package_identification:_identify(src/ros2_elastica_pack) by extensions ['ros']
[0.401s] Level 1:colcon.colcon_core.package_identification:_identify(src/ros2_elastica_pack) by extension 'ros'
[0.406s] DEBUG:colcon.colcon_core.package_identification:Package 'src/ros2_elastica_pack' with type 'ros.ament_python' and name 'ros2_elastica_pack'
[0.406s] Level 1:colcon.colcon_core.package_discovery:discover_packages(recursive) using defaults
[0.406s] Level 1:colcon.colcon_core.package_discovery:discover_packages(ignore) discover
[0.406s] Level 1:colcon.colcon_core.package_discovery:discover_packages(ignore) using defaults
[0.406s] Level 1:colcon.colcon_core.package_discovery:discover_packages(path) discover
[0.406s] Level 1:colcon.colcon_core.package_discovery:discover_packages(path) using defaults
[0.432s] Level 5:colcon.colcon_core.verb:set package 'ros2_elastica_pack' build argument 'cmake_args' from command line to 'None'
[0.432s] Level 5:colcon.colcon_core.verb:set package 'ros2_elastica_pack' build argument 'cmake_target' from command line to 'None'
[0.432s] Level 5:colcon.colcon_core.verb:set package 'ros2_elastica_pack' build argument 'cmake_target_skip_unavailable' from command line to 'False'
[0.432s] Level 5:colcon.colcon_core.verb:set package 'ros2_elastica_pack' build argument 'cmake_clean_cache' from command line to 'False'
[0.432s] Level 5:colcon.colcon_core.verb:set package 'ros2_elastica_pack' build argument 'cmake_clean_first' from command line to 'False'
[0.432s] Level 5:colcon.colcon_core.verb:set package 'ros2_elastica_pack' build argument 'cmake_force_configure' from command line to 'False'
[0.432s] Level 5:colcon.colcon_core.verb:set package 'ros2_elastica_pack' build argument 'ament_cmake_args' from command line to 'None'
[0.432s] Level 5:colcon.colcon_core.verb:set package 'ros2_elastica_pack' build argument 'catkin_cmake_args' from command line to 'None'
[0.432s] Level 5:colcon.colcon_core.verb:set package 'ros2_elastica_pack' build argument 'catkin_skip_building_tests' from command line to 'False'
[0.432s] DEBUG:colcon.colcon_core.verb:Building package 'ros2_elastica_pack' with the following arguments: {'ament_cmake_args': None, 'build_base': '/root/ros2_elastica_ws/build/ros2_elastica_pack', 'catkin_cmake_args': None, 'catkin_skip_building_tests': False, 'cmake_args': None, 'cmake_clean_cache': False, 'cmake_clean_first': False, 'cmake_force_configure': False, 'cmake_target': None, 'cmake_target_skip_unavailable': False, 'install_base': '/root/ros2_elastica_ws/install/ros2_elastica_pack', 'merge_install': False, 'path': '/root/ros2_elastica_ws/src/ros2_elastica_pack', 'symlink_install': False, 'test_result_base': None}
[0.433s] INFO:colcon.colcon_core.executor:Executing jobs using 'parallel' executor
[0.435s] DEBUG:colcon.colcon_parallel_executor.executor.parallel:run_until_complete
[0.435s] INFO:colcon.colcon_ros.task.ament_python.build:Building ROS package in '/root/ros2_elastica_ws/src/ros2_elastica_pack' with build type 'ament_python'
[0.435s] Level 1:colcon.colcon_core.shell:create_environment_hook('ros2_elastica_pack', 'ament_prefix_path')
[0.440s] INFO:colcon.colcon_core.plugin_system:Skipping extension 'colcon_core.shell.bat': Not used on non-Windows systems
[0.440s] INFO:colcon.colcon_core.shell:Creating environment hook '/root/ros2_elastica_ws/install/ros2_elastica_pack/share/ros2_elastica_pack/hook/ament_prefix_path.ps1'
[0.441s] INFO:colcon.colcon_core.shell:Creating environment descriptor '/root/ros2_elastica_ws/install/ros2_elastica_pack/share/ros2_elastica_pack/hook/ament_prefix_path.dsv'
[0.441s] INFO:colcon.colcon_core.shell:Creating environment hook '/root/ros2_elastica_ws/install/ros2_elastica_pack/share/ros2_elastica_pack/hook/ament_prefix_path.sh'
[0.443s] INFO:colcon.colcon_core.shell:Skip shell extension 'powershell' for command environment: Not usable outside of PowerShell
[0.443s] DEBUG:colcon.colcon_core.shell:Skip shell extension 'dsv' for command environment
[0.446s] DEBUG:colcon.colcon_core.shell:Ignoring prefix path '/opt/ros/foxy'
[0.685s] INFO:colcon.colcon_core.task.python.build:Building Python package in '/root/ros2_elastica_ws/src/ros2_elastica_pack'
[0.686s] INFO:colcon.colcon_core.shell:Skip shell extension 'powershell' for command environment: Not usable outside of PowerShell
[0.686s] DEBUG:colcon.colcon_core.shell:Skip shell extension 'dsv' for command environment
[0.689s] DEBUG:colcon.colcon_core.shell:Ignoring prefix path '/opt/ros/foxy'
[0.695s] DEBUG:colcon.colcon_core.event_handler.log_command:Invoking command in '/root/ros2_elastica_ws/src/ros2_elastica_pack': PYTHONPATH=/root/ros2_elastica_ws/install/ros2_elastica_pack/lib/python3.8/site-packages:${PYTHONPATH} /usr/bin/python3 setup.py egg_info --egg-base ../../build/ros2_elastica_pack build --build-base /root/ros2_elastica_ws/build/ros2_elastica_pack/build install --prefix /root/ros2_elastica_ws/install/ros2_elastica_pack --record /root/ros2_elastica_ws/build/ros2_elastica_pack/install.log --single-version-externally-managed
[1.038s] DEBUG:colcon.colcon_core.event_handler.log_command:Invoked command in '/root/ros2_elastica_ws/src/ros2_elastica_pack' returned '0': PYTHONPATH=/root/ros2_elastica_ws/install/ros2_elastica_pack/lib/python3.8/site-packages:${PYTHONPATH} /usr/bin/python3 setup.py egg_info --egg-base ../../build/ros2_elastica_pack build --build-base /root/ros2_elastica_ws/build/ros2_elastica_pack/build install --prefix /root/ros2_elastica_ws/install/ros2_elastica_pack --record /root/ros2_elastica_ws/build/ros2_elastica_pack/install.log --single-version-externally-managed
[1.042s] Level 1:colcon.colcon_core.environment:checking '/root/ros2_elastica_ws/install/ros2_elastica_pack' for CMake module files
[1.043s] Level 1:colcon.colcon_core.environment:checking '/root/ros2_elastica_ws/install/ros2_elastica_pack' for CMake config files
[1.044s] Level 1:colcon.colcon_core.environment:checking '/root/ros2_elastica_ws/install/ros2_elastica_pack/lib'
[1.044s] Level 1:colcon.colcon_core.environment:checking '/root/ros2_elastica_ws/install/ros2_elastica_pack/bin'
[1.044s] Level 1:colcon.colcon_core.environment:checking '/root/ros2_elastica_ws/install/ros2_elastica_pack/lib/pkgconfig/ros2_elastica_pack.pc'
[1.045s] Level 1:colcon.colcon_core.environment:checking '/root/ros2_elastica_ws/install/ros2_elastica_pack/lib/python3.8/site-packages'
[1.045s] Level 1:colcon.colcon_core.shell:create_environment_hook('ros2_elastica_pack', 'pythonpath')
[1.046s] INFO:colcon.colcon_core.shell:Creating environment hook '/root/ros2_elastica_ws/install/ros2_elastica_pack/share/ros2_elastica_pack/hook/pythonpath.ps1'
[1.046s] INFO:colcon.colcon_core.shell:Creating environment descriptor '/root/ros2_elastica_ws/install/ros2_elastica_pack/share/ros2_elastica_pack/hook/pythonpath.dsv'
[1.047s] INFO:colcon.colcon_core.shell:Creating environment hook '/root/ros2_elastica_ws/install/ros2_elastica_pack/share/ros2_elastica_pack/hook/pythonpath.sh'
[1.047s] Level 1:colcon.colcon_core.environment:create_environment_scripts_only(ros2_elastica_pack)
[1.048s] INFO:colcon.colcon_core.shell:Creating package script '/root/ros2_elastica_ws/install/ros2_elastica_pack/share/ros2_elastica_pack/package.ps1'
[1.049s] INFO:colcon.colcon_core.shell:Creating package descriptor '/root/ros2_elastica_ws/install/ros2_elastica_pack/share/ros2_elastica_pack/package.dsv'
[1.050s] INFO:colcon.colcon_core.shell:Creating package script '/root/ros2_elastica_ws/install/ros2_elastica_pack/share/ros2_elastica_pack/package.sh'
[1.051s] INFO:colcon.colcon_core.shell:Creating package script '/root/ros2_elastica_ws/install/ros2_elastica_pack/share/ros2_elastica_pack/package.bash'
[1.052s] INFO:colcon.colcon_core.shell:Creating package script '/root/ros2_elastica_ws/install/ros2_elastica_pack/share/ros2_elastica_pack/package.zsh'
[1.053s] Level 1:colcon.colcon_core.environment:create_file_with_runtime_dependencies(/root/ros2_elastica_ws/install/ros2_elastica_pack/share/colcon-core/packages/ros2_elastica_pack)
[1.054s] DEBUG:colcon.colcon_parallel_executor.executor.parallel:closing loop
[1.054s] DEBUG:colcon.colcon_parallel_executor.executor.parallel:loop closed
[1.054s] DEBUG:colcon.colcon_parallel_executor.executor.parallel:run_until_complete finished with '0'
[1.054s] DEBUG:colcon.colcon_core.event_reactor:joining thread
[1.062s] INFO:colcon.colcon_core.plugin_system:Skipping extension 'colcon_notification.desktop_notification.notify_send': Could not find 'notify-send'
[1.063s] INFO:colcon.colcon_core.plugin_system:Skipping extension 'colcon_notification.desktop_notification.terminal_notifier': Not used on non-Darwin systems
[1.063s] INFO:colcon.colcon_core.plugin_system:Skipping extension 'colcon_notification.desktop_notification.win32': Not used on non-Windows systems
[1.063s] INFO:colcon.colcon_notification.desktop_notification:Sending desktop notification using 'notify2'
[1.063s] DEBUG:colcon.colcon_notification.desktop_notification.notify2:Failed to initialize notify2: org.freedesktop.DBus.Error.InvalidFileContent: D-Bus library appears to be incorrectly set up: see the manual page for dbus-uuidgen to correct this issue. (Failed to open "/var/lib/dbus/machine-id": No such file or directory; UUID file '/etc/machine-id' should contain a hex string of length 32, not length 0, with no other text)
[1.064s] DEBUG:colcon.colcon_core.event_reactor:joined thread
[1.064s] INFO:colcon.colcon_core.shell:Creating prefix script '/root/ros2_elastica_ws/install/local_setup.ps1'
[1.066s] INFO:colcon.colcon_core.shell:Creating prefix util module '/root/ros2_elastica_ws/install/_local_setup_util_ps1.py'
[1.068s] INFO:colcon.colcon_core.shell:Creating prefix chain script '/root/ros2_elastica_ws/install/setup.ps1'
[1.071s] INFO:colcon.colcon_core.shell:Creating prefix script '/root/ros2_elastica_ws/install/local_setup.sh'
[1.072s] INFO:colcon.colcon_core.shell:Creating prefix util module '/root/ros2_elastica_ws/install/_local_setup_util_sh.py'
[1.073s] INFO:colcon.colcon_core.shell:Creating prefix chain script '/root/ros2_elastica_ws/install/setup.sh'
[1.076s] INFO:colcon.colcon_core.shell:Creating prefix script '/root/ros2_elastica_ws/install/local_setup.bash'
[1.076s] INFO:colcon.colcon_core.shell:Creating prefix chain script '/root/ros2_elastica_ws/install/setup.bash'
[1.080s] INFO:colcon.colcon_core.shell:Creating prefix script '/root/ros2_elastica_ws/install/local_setup.zsh'
[1.080s] INFO:colcon.colcon_core.shell:Creating prefix chain script '/root/ros2_elastica_ws/install/setup.zsh'
