running egg_info
creating ../../build/ros2_elastica_pack/ros2_elastica_pack.egg-info
writing ../../build/ros2_elastica_pack/ros2_elastica_pack.egg-info/PKG-INFO
writing dependency_links to ../../build/ros2_elastica_pack/ros2_elastica_pack.egg-info/dependency_links.txt
writing entry points to ../../build/ros2_elastica_pack/ros2_elastica_pack.egg-info/entry_points.txt
writing requirements to ../../build/ros2_elastica_pack/ros2_elastica_pack.egg-info/requires.txt
writing top-level names to ../../build/ros2_elastica_pack/ros2_elastica_pack.egg-info/top_level.txt
writing manifest file '../../build/ros2_elastica_pack/ros2_elastica_pack.egg-info/SOURCES.txt'
reading manifest file '../../build/ros2_elastica_pack/ros2_elastica_pack.egg-info/SOURCES.txt'
writing manifest file '../../build/ros2_elastica_pack/ros2_elastica_pack.egg-info/SOURCES.txt'
running build
running build_py
creating /root/ros2_elastica_ws/build/ros2_elastica_pack/build
creating /root/ros2_elastica_ws/build/ros2_elastica_pack/build/lib
creating /root/ros2_elastica_ws/build/ros2_elastica_pack/build/lib/ros2_elastica_pack
copying ros2_elastica_pack/Timoshenko_beam_ros2.py -> /root/ros2_elastica_ws/build/ros2_elastica_pack/build/lib/ros2_elastica_pack
copying ros2_elastica_pack/Timoshenko_beam.py -> /root/ros2_elastica_ws/build/ros2_elastica_pack/build/lib/ros2_elastica_pack
copying ros2_elastica_pack/publisher_member_function.py -> /root/ros2_elastica_ws/build/ros2_elastica_pack/build/lib/ros2_elastica_pack
copying ros2_elastica_pack/__init__.py -> /root/ros2_elastica_ws/build/ros2_elastica_pack/build/lib/ros2_elastica_pack
copying ros2_elastica_pack/ros2_elastica_torque_force_params.py -> /root/ros2_elastica_ws/build/ros2_elastica_pack/build/lib/ros2_elastica_pack
copying ros2_elastica_pack/utils.py -> /root/ros2_elastica_ws/build/ros2_elastica_pack/build/lib/ros2_elastica_pack
running install
running install_lib
creating /root/ros2_elastica_ws/install/ros2_elastica_pack/lib/python3.8/site-packages/ros2_elastica_pack
copying /root/ros2_elastica_ws/build/ros2_elastica_pack/build/lib/ros2_elastica_pack/Timoshenko_beam_ros2.py -> /root/ros2_elastica_ws/install/ros2_elastica_pack/lib/python3.8/site-packages/ros2_elastica_pack
copying /root/ros2_elastica_ws/build/ros2_elastica_pack/build/lib/ros2_elastica_pack/Timoshenko_beam.py -> /root/ros2_elastica_ws/install/ros2_elastica_pack/lib/python3.8/site-packages/ros2_elastica_pack
copying /root/ros2_elastica_ws/build/ros2_elastica_pack/build/lib/ros2_elastica_pack/publisher_member_function.py -> /root/ros2_elastica_ws/install/ros2_elastica_pack/lib/python3.8/site-packages/ros2_elastica_pack
copying /root/ros2_elastica_ws/build/ros2_elastica_pack/build/lib/ros2_elastica_pack/__init__.py -> /root/ros2_elastica_ws/install/ros2_elastica_pack/lib/python3.8/site-packages/ros2_elastica_pack
copying /root/ros2_elastica_ws/build/ros2_elastica_pack/build/lib/ros2_elastica_pack/ros2_elastica_torque_force_params.py -> /root/ros2_elastica_ws/install/ros2_elastica_pack/lib/python3.8/site-packages/ros2_elastica_pack
copying /root/ros2_elastica_ws/build/ros2_elastica_pack/build/lib/ros2_elastica_pack/utils.py -> /root/ros2_elastica_ws/install/ros2_elastica_pack/lib/python3.8/site-packages/ros2_elastica_pack
byte-compiling /root/ros2_elastica_ws/install/ros2_elastica_pack/lib/python3.8/site-packages/ros2_elastica_pack/Timoshenko_beam_ros2.py to Timoshenko_beam_ros2.cpython-38.pyc
byte-compiling /root/ros2_elastica_ws/install/ros2_elastica_pack/lib/python3.8/site-packages/ros2_elastica_pack/Timoshenko_beam.py to Timoshenko_beam.cpython-38.pyc
byte-compiling /root/ros2_elastica_ws/install/ros2_elastica_pack/lib/python3.8/site-packages/ros2_elastica_pack/publisher_member_function.py to publisher_member_function.cpython-38.pyc
byte-compiling /root/ros2_elastica_ws/install/ros2_elastica_pack/lib/python3.8/site-packages/ros2_elastica_pack/__init__.py to __init__.cpython-38.pyc
byte-compiling /root/ros2_elastica_ws/install/ros2_elastica_pack/lib/python3.8/site-packages/ros2_elastica_pack/ros2_elastica_torque_force_params.py to ros2_elastica_torque_force_params.cpython-38.pyc
byte-compiling /root/ros2_elastica_ws/install/ros2_elastica_pack/lib/python3.8/site-packages/ros2_elastica_pack/utils.py to utils.cpython-38.pyc
running install_data
creating /root/ros2_elastica_ws/install/ros2_elastica_pack/share/ament_index
creating /root/ros2_elastica_ws/install/ros2_elastica_pack/share/ament_index/resource_index
creating /root/ros2_elastica_ws/install/ros2_elastica_pack/share/ament_index/resource_index/packages
