[0.284s] Invoking command in '/root/ros2_elastica_ws/src/ros2_elastica_pack': PYTHONPATH=/root/ros2_elastica_ws/install/ros2_elastica_pack/lib/python3.8/site-packages:${PYTHONPATH} /usr/bin/python3 setup.py egg_info --egg-base ../../build/ros2_elastica_pack build --build-base /root/ros2_elastica_ws/build/ros2_elastica_pack/build install --prefix /root/ros2_elastica_ws/install/ros2_elastica_pack --record /root/ros2_elastica_ws/build/ros2_elastica_pack/install.log --single-version-externally-managed
[0.540s] running egg_info
[0.541s] creating ../../build/ros2_elastica_pack/ros2_elastica_pack.egg-info
[0.541s] writing ../../build/ros2_elastica_pack/ros2_elastica_pack.egg-info/PKG-INFO
[0.541s] writing dependency_links to ../../build/ros2_elastica_pack/ros2_elastica_pack.egg-info/dependency_links.txt
[0.542s] writing entry points to ../../build/ros2_elastica_pack/ros2_elastica_pack.egg-info/entry_points.txt
[0.542s] writing requirements to ../../build/ros2_elastica_pack/ros2_elastica_pack.egg-info/requires.txt
[0.542s] writing top-level names to ../../build/ros2_elastica_pack/ros2_elastica_pack.egg-info/top_level.txt
[0.548s] writing manifest file '../../build/ros2_elastica_pack/ros2_elastica_pack.egg-info/SOURCES.txt'
[0.617s] reading manifest file '../../build/ros2_elastica_pack/ros2_elastica_pack.egg-info/SOURCES.txt'
[0.619s] writing manifest file '../../build/ros2_elastica_pack/ros2_elastica_pack.egg-info/SOURCES.txt'
[0.619s] running build
[0.619s] running build_py
[0.619s] creating /root/ros2_elastica_ws/build/ros2_elastica_pack/build
[0.619s] creating /root/ros2_elastica_ws/build/ros2_elastica_pack/build/lib
[0.620s] creating /root/ros2_elastica_ws/build/ros2_elastica_pack/build/lib/ros2_elastica_pack
[0.620s] copying ros2_elastica_pack/Timoshenko_beam_ros2.py -> /root/ros2_elastica_ws/build/ros2_elastica_pack/build/lib/ros2_elastica_pack
[0.620s] copying ros2_elastica_pack/Timoshenko_beam.py -> /root/ros2_elastica_ws/build/ros2_elastica_pack/build/lib/ros2_elastica_pack
[0.620s] copying ros2_elastica_pack/publisher_member_function.py -> /root/ros2_elastica_ws/build/ros2_elastica_pack/build/lib/ros2_elastica_pack
[0.620s] copying ros2_elastica_pack/__init__.py -> /root/ros2_elastica_ws/build/ros2_elastica_pack/build/lib/ros2_elastica_pack
[0.620s] copying ros2_elastica_pack/ros2_elastica_torque_force_params.py -> /root/ros2_elastica_ws/build/ros2_elastica_pack/build/lib/ros2_elastica_pack
[0.620s] copying ros2_elastica_pack/utils.py -> /root/ros2_elastica_ws/build/ros2_elastica_pack/build/lib/ros2_elastica_pack
[0.621s] running install
[0.622s] running install_lib
[0.624s] creating /root/ros2_elastica_ws/install/ros2_elastica_pack/lib/python3.8/site-packages/ros2_elastica_pack
[0.624s] copying /root/ros2_elastica_ws/build/ros2_elastica_pack/build/lib/ros2_elastica_pack/Timoshenko_beam_ros2.py -> /root/ros2_elastica_ws/install/ros2_elastica_pack/lib/python3.8/site-packages/ros2_elastica_pack
[0.624s] copying /root/ros2_elastica_ws/build/ros2_elastica_pack/build/lib/ros2_elastica_pack/Timoshenko_beam.py -> /root/ros2_elastica_ws/install/ros2_elastica_pack/lib/python3.8/site-packages/ros2_elastica_pack
[0.625s] copying /root/ros2_elastica_ws/build/ros2_elastica_pack/build/lib/ros2_elastica_pack/publisher_member_function.py -> /root/ros2_elastica_ws/install/ros2_elastica_pack/lib/python3.8/site-packages/ros2_elastica_pack
[0.625s] copying /root/ros2_elastica_ws/build/ros2_elastica_pack/build/lib/ros2_elastica_pack/__init__.py -> /root/ros2_elastica_ws/install/ros2_elastica_pack/lib/python3.8/site-packages/ros2_elastica_pack
[0.625s] copying /root/ros2_elastica_ws/build/ros2_elastica_pack/build/lib/ros2_elastica_pack/ros2_elastica_torque_force_params.py -> /root/ros2_elastica_ws/install/ros2_elastica_pack/lib/python3.8/site-packages/ros2_elastica_pack
[0.625s] copying /root/ros2_elastica_ws/build/ros2_elastica_pack/build/lib/ros2_elastica_pack/utils.py -> /root/ros2_elastica_ws/install/ros2_elastica_pack/lib/python3.8/site-packages/ros2_elastica_pack
[0.625s] byte-compiling /root/ros2_elastica_ws/install/ros2_elastica_pack/lib/python3.8/site-packages/ros2_elastica_pack/Timoshenko_beam_ros2.py to Timoshenko_beam_ros2.cpython-38.pyc
[0.628s] byte-compiling /root/ros2_elastica_ws/install/ros2_elastica_pack/lib/python3.8/site-packages/ros2_elastica_pack/Timoshenko_beam.py to Timoshenko_beam.cpython-38.pyc
[0.629s] byte-compiling /root/ros2_elastica_ws/install/ros2_elastica_pack/lib/python3.8/site-packages/ros2_elastica_pack/publisher_member_function.py to publisher_member_function.cpython-38.pyc
[0.630s] byte-compiling /root/ros2_elastica_ws/install/ros2_elastica_pack/lib/python3.8/site-packages/ros2_elastica_pack/__init__.py to __init__.cpython-38.pyc
[0.630s] byte-compiling /root/ros2_elastica_ws/install/ros2_elastica_pack/lib/python3.8/site-packages/ros2_elastica_pack/ros2_elastica_torque_force_params.py to ros2_elastica_torque_force_params.cpython-38.pyc
[0.633s] byte-compiling /root/ros2_elastica_ws/install/ros2_elastica_pack/lib/python3.8/site-packages/ros2_elastica_pack/utils.py to utils.cpython-38.pyc
[0.633s] running install_data
[0.634s] creating /root/ros2_elastica_ws/install/ros2_elastica_pack/share/ament_index
[0.634s] creating /root/ros2_elastica_ws/install/ros2_elastica_pack/share/ament_index/resource_index
[0.634s] creating /root/ros2_elastica_ws/install/ros2_elastica_pack/share/ament_index/resource_index/packages
[0.634s] error: can't copy 'resource/ros2_elastica_pack': doesn't exist or not a regular file
[0.656s] Invoked command in '/root/ros2_elastica_ws/src/ros2_elastica_pack' returned '1': PYTHONPATH=/root/ros2_elastica_ws/install/ros2_elastica_pack/lib/python3.8/site-packages:${PYTHONPATH} /usr/bin/python3 setup.py egg_info --egg-base ../../build/ros2_elastica_pack build --build-base /root/ros2_elastica_ws/build/ros2_elastica_pack/build install --prefix /root/ros2_elastica_ws/install/ros2_elastica_pack --record /root/ros2_elastica_ws/build/ros2_elastica_pack/install.log --single-version-externally-managed
